<?xml version="1.0" encoding="UTF-8"?>
<testng-results skipped="0" failed="0" ignored="0" total="0" passed="0">
  <reporter-output>
  </reporter-output>
  <suite name="TestRunner.Testrunner" duration-ms="16" started-at="2022-12-07T10:06:31 IST" finished-at="2022-12-07T10:06:31 IST">
    <groups>
    </groups>
    <test name="Command line test" duration-ms="16" started-at="2022-12-07T10:06:31 IST" finished-at="2022-12-07T10:06:31 IST">
    </test> <!-- Command line test -->
  </suite> <!-- TestRunner.Testrunner -->
</testng-results>
